0 info it worked if it ends with ok
1 verbose cli [ '/usr/local/bin/node',
1 verbose cli   '/usr/local/bin/npm',
1 verbose cli   'install',
1 verbose cli   'typed.js' ]
2 info using npm@3.10.10
3 info using node@v6.9.4
4 silly loadCurrentTree Starting
5 silly install loadCurrentTree
6 silly install readLocalPackageData
7 silly fetchPackageMetaData typed.js
8 silly fetchOtherPackageData typed.js
9 silly cache add args [ 'typed.js', null ]
10 verbose cache add spec typed.js
11 silly cache add parsed spec Result {
11 silly cache add   raw: 'typed.js',
11 silly cache add   scope: null,
11 silly cache add   escapedName: 'typed.js',
11 silly cache add   name: null,
11 silly cache add   rawSpec: 'typed.js',
11 silly cache add   spec: '/Users/Xiaoyi/Desktop/personal_website/git/js/typed.js',
11 silly cache add   type: 'local' }
12 silly addLocalTarball shasum (computed) 7eaf0e99d4f6714f1591cb711b01ee7c0e7922e7
13 verbose addTmpTarball /Users/Xiaoyi/Desktop/personal_website/git/js/typed.js not in flight; adding
14 verbose correctMkdir /Users/Xiaoyi/.npm correctMkdir not in flight; initializing
15 verbose addTmpTarball validating metadata from /Users/Xiaoyi/Desktop/personal_website/git/js/typed.js
16 verbose tar unpack /Users/Xiaoyi/Desktop/personal_website/git/js/typed.js
17 verbose tar unpacking to /var/folders/n0/13g7qlgn6t3fqg40yzx324g40000gn/T/npm-3474-34027dfb/unpack-87fe76b7
18 silly gentlyRm /var/folders/n0/13g7qlgn6t3fqg40yzx324g40000gn/T/npm-3474-34027dfb/unpack-87fe76b7 is being purged
19 verbose gentlyRm don't care about contents; nuking /var/folders/n0/13g7qlgn6t3fqg40yzx324g40000gn/T/npm-3474-34027dfb/unpack-87fe76b7
20 silly gunzTarPerm modes [ '755', '644' ]
21 error not a package /Users/Xiaoyi/Desktop/personal_website/git/js/typed.js
22 error addLocal Could not install /Users/Xiaoyi/Desktop/personal_website/git/js/typed.js
23 silly fetchPackageMetaData Error: ENOENT: no such file or directory, open '/var/folders/n0/13g7qlgn6t3fqg40yzx324g40000gn/T/npm-3474-34027dfb/unpack-87fe76b7/package.json'
23 silly fetchPackageMetaData     at Error (native)
23 silly fetchPackageMetaData  error for typed.js { Error: ENOENT: no such file or directory, open '/var/folders/n0/13g7qlgn6t3fqg40yzx324g40000gn/T/npm-3474-34027dfb/unpack-87fe76b7/package.json'
23 silly fetchPackageMetaData     at Error (native)
23 silly fetchPackageMetaData   errno: -2,
23 silly fetchPackageMetaData   code: 'ENOENT',
23 silly fetchPackageMetaData   syscall: 'open',
23 silly fetchPackageMetaData   path: '/var/folders/n0/13g7qlgn6t3fqg40yzx324g40000gn/T/npm-3474-34027dfb/unpack-87fe76b7/package.json' }
24 silly rollbackFailedOptional Starting
25 silly rollbackFailedOptional Finishing
26 silly runTopLevelLifecycles Finishing
27 silly install printInstalled
28 verbose stack Error: ENOENT: no such file or directory, open '/var/folders/n0/13g7qlgn6t3fqg40yzx324g40000gn/T/npm-3474-34027dfb/unpack-87fe76b7/package.json'
28 verbose stack     at Error (native)
29 verbose cwd /Users/Xiaoyi/Desktop/personal_website/git/js
30 error Darwin 15.6.0
31 error argv "/usr/local/bin/node" "/usr/local/bin/npm" "install" "typed.js"
32 error node v6.9.4
33 error npm  v3.10.10
34 error path /var/folders/n0/13g7qlgn6t3fqg40yzx324g40000gn/T/npm-3474-34027dfb/unpack-87fe76b7/package.json
35 error code ENOENT
36 error errno -2
37 error syscall open
38 error enoent ENOENT: no such file or directory, open '/var/folders/n0/13g7qlgn6t3fqg40yzx324g40000gn/T/npm-3474-34027dfb/unpack-87fe76b7/package.json'
39 error enoent ENOENT: no such file or directory, open '/var/folders/n0/13g7qlgn6t3fqg40yzx324g40000gn/T/npm-3474-34027dfb/unpack-87fe76b7/package.json'
39 error enoent This is most likely not a problem with npm itself
39 error enoent and is related to npm not being able to find a file.
40 verbose exit [ -2, true ]
